{"type":"server-started","port":49650,"host":"127.0.0.1","url_host":"localhost","url":"http://localhost:49650","screen_dir":"/Users/mistibruton/Desktop/geo-landing/.superpowers/brainstorm/67743-1774790477/content","state_dir":"/Users/mistibruton/Desktop/geo-landing/.superpowers/brainstorm/67743-1774790477/state"}
{"type":"screen-added","file":"/Users/mistibruton/Desktop/geo-landing/.superpowers/brainstorm/67743-1774790477/content/waiting.html"}
{"type":"screen-added","file":"/Users/mistibruton/Desktop/geo-landing/.superpowers/brainstorm/67743-1774790477/content/activity-layout.html"}
{"type":"screen-added","file":"/Users/mistibruton/Desktop/geo-landing/.superpowers/brainstorm/67743-1774790477/content/activity-v2.html"}
{"type":"screen-added","file":"/Users/mistibruton/Desktop/geo-landing/.superpowers/brainstorm/67743-1774790477/content/activity-v3.html"}
{"type":"screen-added","file":"/Users/mistibruton/Desktop/geo-landing/.superpowers/brainstorm/67743-1774790477/content/activity-v4.html"}
{"type":"screen-added","file":"/Users/mistibruton/Desktop/geo-landing/.superpowers/brainstorm/67743-1774790477/content/activity-v5.html"}
{"type":"screen-added","file":"/Users/mistibruton/Desktop/geo-landing/.superpowers/brainstorm/67743-1774790477/content/activity-v6.html"}
{"type":"screen-added","file":"/Users/mistibruton/Desktop/geo-landing/.superpowers/brainstorm/67743-1774790477/content/activity-v7.html"}
{"type":"screen-added","file":"/Users/mistibruton/Desktop/geo-landing/.superpowers/brainstorm/67743-1774790477/content/index.html"}
{"type":"screen-added","file":"/Users/mistibruton/Desktop/geo-landing/.superpowers/brainstorm/67743-1774790477/content/activity-v8.html"}
{"type":"screen-updated","file":"/Users/mistibruton/Desktop/geo-landing/.superpowers/brainstorm/67743-1774790477/content/index.html"}
{"type":"screen-updated","file":"/Users/mistibruton/Desktop/geo-landing/.superpowers/brainstorm/67743-1774790477/content/activity-v8.html"}
{"type":"screen-updated","file":"/Users/mistibruton/Desktop/geo-landing/.superpowers/brainstorm/67743-1774790477/content/activity-v8.html"}
{"type":"screen-updated","file":"/Users/mistibruton/Desktop/geo-landing/.superpowers/brainstorm/67743-1774790477/content/index.html"}
{"type":"screen-updated","file":"/Users/mistibruton/Desktop/geo-landing/.superpowers/brainstorm/67743-1774790477/content/activity-v8.html"}
{"type":"screen-updated","file":"/Users/mistibruton/Desktop/geo-landing/.superpowers/brainstorm/67743-1774790477/content/activity-v8.html"}
{"type":"screen-updated","file":"/Users/mistibruton/Desktop/geo-landing/.superpowers/brainstorm/67743-1774790477/content/index.html"}
{"type":"screen-added","file":"/Users/mistibruton/Desktop/geo-landing/.superpowers/brainstorm/67743-1774790477/content/activity-v9.html"}
{"type":"screen-updated","file":"/Users/mistibruton/Desktop/geo-landing/.superpowers/brainstorm/67743-1774790477/content/index.html"}
{"type":"screen-added","file":"/Users/mistibruton/Desktop/geo-landing/.superpowers/brainstorm/67743-1774790477/content/activity-v10.html"}
{"type":"screen-updated","file":"/Users/mistibruton/Desktop/geo-landing/.superpowers/brainstorm/67743-1774790477/content/index.html"}
{"type":"screen-added","file":"/Users/mistibruton/Desktop/geo-landing/.superpowers/brainstorm/67743-1774790477/content/activity-v11.html"}
{"type":"screen-updated","file":"/Users/mistibruton/Desktop/geo-landing/.superpowers/brainstorm/67743-1774790477/content/index.html"}
{"type":"screen-updated","file":"/Users/mistibruton/Desktop/geo-landing/.superpowers/brainstorm/67743-1774790477/content/activity-v11.html"}
{"type":"screen-updated","file":"/Users/mistibruton/Desktop/geo-landing/.superpowers/brainstorm/67743-1774790477/content/activity-v11.html"}
{"type":"screen-updated","file":"/Users/mistibruton/Desktop/geo-landing/.superpowers/brainstorm/67743-1774790477/content/index.html"}
{"type":"screen-updated","file":"/Users/mistibruton/Desktop/geo-landing/.superpowers/brainstorm/67743-1774790477/content/activity-v11.html"}
{"type":"screen-updated","file":"/Users/mistibruton/Desktop/geo-landing/.superpowers/brainstorm/67743-1774790477/content/activity-v11.html"}
{"type":"screen-updated","file":"/Users/mistibruton/Desktop/geo-landing/.superpowers/brainstorm/67743-1774790477/content/activity-v11.html"}
{"type":"screen-updated","file":"/Users/mistibruton/Desktop/geo-landing/.superpowers/brainstorm/67743-1774790477/content/activity-v11.html"}
{"type":"screen-updated","file":"/Users/mistibruton/Desktop/geo-landing/.superpowers/brainstorm/67743-1774790477/content/activity-v11.html"}
{"type":"screen-updated","file":"/Users/mistibruton/Desktop/geo-landing/.superpowers/brainstorm/67743-1774790477/content/activity-v11.html"}
{"type":"screen-updated","file":"/Users/mistibruton/Desktop/geo-landing/.superpowers/brainstorm/67743-1774790477/content/index.html"}
{"type":"screen-updated","file":"/Users/mistibruton/Desktop/geo-landing/.superpowers/brainstorm/67743-1774790477/content/activity-v11.html"}
{"type":"screen-updated","file":"/Users/mistibruton/Desktop/geo-landing/.superpowers/brainstorm/67743-1774790477/content/index.html"}
{"type":"screen-updated","file":"/Users/mistibruton/Desktop/geo-landing/.superpowers/brainstorm/67743-1774790477/content/activity-v11.html"}
{"type":"screen-updated","file":"/Users/mistibruton/Desktop/geo-landing/.superpowers/brainstorm/67743-1774790477/content/index.html"}
{"type":"server-stopped","reason":"idle timeout"}
