{"type":"server-started","port":60934,"host":"127.0.0.1","url_host":"localhost","url":"http://localhost:60934","screen_dir":"/Users/mistibruton/Desktop/Desktop/geo-landing/.superpowers/brainstorm/63086-1778782023/content","state_dir":"/Users/mistibruton/Desktop/Desktop/geo-landing/.superpowers/brainstorm/63086-1778782023/state"}
{"type":"screen-added","file":"/Users/mistibruton/Desktop/Desktop/geo-landing/.superpowers/brainstorm/63086-1778782023/content/masterclass-layout.html"}
{"type":"screen-updated","file":"/Users/mistibruton/Desktop/Desktop/geo-landing/.superpowers/brainstorm/63086-1778782023/content/masterclass-layout.html"}
{"type":"screen-updated","file":"/Users/mistibruton/Desktop/Desktop/geo-landing/.superpowers/brainstorm/63086-1778782023/content/masterclass-layout.html"}
{"type":"screen-updated","file":"/Users/mistibruton/Desktop/Desktop/geo-landing/.superpowers/brainstorm/63086-1778782023/content/masterclass-layout.html"}
{"type":"screen-updated","file":"/Users/mistibruton/Desktop/Desktop/geo-landing/.superpowers/brainstorm/63086-1778782023/content/masterclass-layout.html"}
{"type":"screen-added","file":"/Users/mistibruton/Desktop/Desktop/geo-landing/.superpowers/brainstorm/63086-1778782023/content/tats-faithful.html"}
{"type":"screen-updated","file":"/Users/mistibruton/Desktop/Desktop/geo-landing/.superpowers/brainstorm/63086-1778782023/content/tats-faithful.html"}
{"type":"screen-updated","file":"/Users/mistibruton/Desktop/Desktop/geo-landing/.superpowers/brainstorm/63086-1778782023/content/tats-faithful.html"}
{"type":"screen-updated","file":"/Users/mistibruton/Desktop/Desktop/geo-landing/.superpowers/brainstorm/63086-1778782023/content/tats-faithful.html"}
{"type":"screen-updated","file":"/Users/mistibruton/Desktop/Desktop/geo-landing/.superpowers/brainstorm/63086-1778782023/content/tats-faithful.html"}
{"type":"screen-added","file":"/Users/mistibruton/Desktop/Desktop/geo-landing/.superpowers/brainstorm/63086-1778782023/content/tats-exact-v2.html"}
{"type":"screen-updated","file":"/Users/mistibruton/Desktop/Desktop/geo-landing/.superpowers/brainstorm/63086-1778782023/content/tats-exact-v2.html"}
{"type":"screen-updated","file":"/Users/mistibruton/Desktop/Desktop/geo-landing/.superpowers/brainstorm/63086-1778782023/content/tats-exact-v2.html"}
{"type":"screen-updated","file":"/Users/mistibruton/Desktop/Desktop/geo-landing/.superpowers/brainstorm/63086-1778782023/content/tats-exact-v2.html"}
{"type":"screen-updated","file":"/Users/mistibruton/Desktop/Desktop/geo-landing/.superpowers/brainstorm/63086-1778782023/content/tats-exact-v2.html"}
{"type":"screen-added","file":"/Users/mistibruton/Desktop/Desktop/geo-landing/.superpowers/brainstorm/63086-1778782023/content/tats-exact-v3.html"}
{"type":"screen-updated","file":"/Users/mistibruton/Desktop/Desktop/geo-landing/.superpowers/brainstorm/63086-1778782023/content/tats-exact-v3.html"}
{"type":"screen-updated","file":"/Users/mistibruton/Desktop/Desktop/geo-landing/.superpowers/brainstorm/63086-1778782023/content/tats-exact-v3.html"}
{"type":"screen-updated","file":"/Users/mistibruton/Desktop/Desktop/geo-landing/.superpowers/brainstorm/63086-1778782023/content/tats-exact-v3.html"}
{"type":"screen-updated","file":"/Users/mistibruton/Desktop/Desktop/geo-landing/.superpowers/brainstorm/63086-1778782023/content/tats-exact-v3.html"}
{"type":"screen-added","file":"/Users/mistibruton/Desktop/Desktop/geo-landing/.superpowers/brainstorm/63086-1778782023/content/tats-pixel-perfect.html"}
{"type":"screen-updated","file":"/Users/mistibruton/Desktop/Desktop/geo-landing/.superpowers/brainstorm/63086-1778782023/content/tats-pixel-perfect.html"}
{"type":"screen-updated","file":"/Users/mistibruton/Desktop/Desktop/geo-landing/.superpowers/brainstorm/63086-1778782023/content/tats-pixel-perfect.html"}
{"type":"screen-updated","file":"/Users/mistibruton/Desktop/Desktop/geo-landing/.superpowers/brainstorm/63086-1778782023/content/tats-pixel-perfect.html"}
{"type":"screen-updated","file":"/Users/mistibruton/Desktop/Desktop/geo-landing/.superpowers/brainstorm/63086-1778782023/content/tats-pixel-perfect.html"}
{"type":"screen-added","file":"/Users/mistibruton/Desktop/Desktop/geo-landing/.superpowers/brainstorm/63086-1778782023/content/tats-final.html"}
{"type":"screen-updated","file":"/Users/mistibruton/Desktop/Desktop/geo-landing/.superpowers/brainstorm/63086-1778782023/content/tats-final.html"}
{"type":"screen-updated","file":"/Users/mistibruton/Desktop/Desktop/geo-landing/.superpowers/brainstorm/63086-1778782023/content/tats-final.html"}
{"type":"screen-updated","file":"/Users/mistibruton/Desktop/Desktop/geo-landing/.superpowers/brainstorm/63086-1778782023/content/tats-final.html"}
{"type":"screen-updated","file":"/Users/mistibruton/Desktop/Desktop/geo-landing/.superpowers/brainstorm/63086-1778782023/content/tats-final.html"}
{"type":"screen-added","file":"/Users/mistibruton/Desktop/Desktop/geo-landing/.superpowers/brainstorm/63086-1778782023/content/tats-exact-final.html"}
{"type":"screen-updated","file":"/Users/mistibruton/Desktop/Desktop/geo-landing/.superpowers/brainstorm/63086-1778782023/content/tats-exact-final.html"}
{"type":"screen-updated","file":"/Users/mistibruton/Desktop/Desktop/geo-landing/.superpowers/brainstorm/63086-1778782023/content/tats-exact-final.html"}
{"type":"screen-updated","file":"/Users/mistibruton/Desktop/Desktop/geo-landing/.superpowers/brainstorm/63086-1778782023/content/tats-exact-final.html"}
{"type":"screen-updated","file":"/Users/mistibruton/Desktop/Desktop/geo-landing/.superpowers/brainstorm/63086-1778782023/content/tats-exact-final.html"}
{"type":"screen-added","file":"/Users/mistibruton/Desktop/Desktop/geo-landing/.superpowers/brainstorm/63086-1778782023/content/workshop-with-photos.html"}
{"type":"screen-updated","file":"/Users/mistibruton/Desktop/Desktop/geo-landing/.superpowers/brainstorm/63086-1778782023/content/workshop-with-photos.html"}
{"type":"screen-updated","file":"/Users/mistibruton/Desktop/Desktop/geo-landing/.superpowers/brainstorm/63086-1778782023/content/workshop-with-photos.html"}
{"type":"screen-updated","file":"/Users/mistibruton/Desktop/Desktop/geo-landing/.superpowers/brainstorm/63086-1778782023/content/workshop-with-photos.html"}
{"type":"screen-updated","file":"/Users/mistibruton/Desktop/Desktop/geo-landing/.superpowers/brainstorm/63086-1778782023/content/workshop-with-photos.html"}
{"type":"screen-added","file":"/Users/mistibruton/Desktop/Desktop/geo-landing/.superpowers/brainstorm/63086-1778782023/content/workshop-final.html"}
{"type":"screen-updated","file":"/Users/mistibruton/Desktop/Desktop/geo-landing/.superpowers/brainstorm/63086-1778782023/content/workshop-final.html"}
{"type":"screen-updated","file":"/Users/mistibruton/Desktop/Desktop/geo-landing/.superpowers/brainstorm/63086-1778782023/content/workshop-final.html"}
{"type":"screen-updated","file":"/Users/mistibruton/Desktop/Desktop/geo-landing/.superpowers/brainstorm/63086-1778782023/content/workshop-final.html"}
{"type":"screen-updated","file":"/Users/mistibruton/Desktop/Desktop/geo-landing/.superpowers/brainstorm/63086-1778782023/content/workshop-final.html"}
{"type":"screen-updated","file":"/Users/mistibruton/Desktop/Desktop/geo-landing/.superpowers/brainstorm/63086-1778782023/content/tats-exact-final.html"}
{"type":"screen-updated","file":"/Users/mistibruton/Desktop/Desktop/geo-landing/.superpowers/brainstorm/63086-1778782023/content/tats-exact-final.html"}
{"type":"screen-updated","file":"/Users/mistibruton/Desktop/Desktop/geo-landing/.superpowers/brainstorm/63086-1778782023/content/tats-exact-final.html"}
{"type":"screen-updated","file":"/Users/mistibruton/Desktop/Desktop/geo-landing/.superpowers/brainstorm/63086-1778782023/content/tats-exact-final.html"}
{"type":"screen-updated","file":"/Users/mistibruton/Desktop/Desktop/geo-landing/.superpowers/brainstorm/63086-1778782023/content/tats-exact-final.html"}
{"type":"screen-updated","file":"/Users/mistibruton/Desktop/Desktop/geo-landing/.superpowers/brainstorm/63086-1778782023/content/tats-exact-final.html"}
{"type":"screen-updated","file":"/Users/mistibruton/Desktop/Desktop/geo-landing/.superpowers/brainstorm/63086-1778782023/content/tats-exact-final.html"}
{"type":"screen-updated","file":"/Users/mistibruton/Desktop/Desktop/geo-landing/.superpowers/brainstorm/63086-1778782023/content/tats-exact-final.html"}
{"type":"screen-updated","file":"/Users/mistibruton/Desktop/Desktop/geo-landing/.superpowers/brainstorm/63086-1778782023/content/tats-exact-final.html"}
{"type":"screen-updated","file":"/Users/mistibruton/Desktop/Desktop/geo-landing/.superpowers/brainstorm/63086-1778782023/content/tats-exact-final.html"}
{"type":"screen-updated","file":"/Users/mistibruton/Desktop/Desktop/geo-landing/.superpowers/brainstorm/63086-1778782023/content/tats-exact-final.html"}
{"type":"screen-updated","file":"/Users/mistibruton/Desktop/Desktop/geo-landing/.superpowers/brainstorm/63086-1778782023/content/tats-exact-final.html"}
{"type":"screen-updated","file":"/Users/mistibruton/Desktop/Desktop/geo-landing/.superpowers/brainstorm/63086-1778782023/content/tats-exact-final.html"}
{"type":"screen-updated","file":"/Users/mistibruton/Desktop/Desktop/geo-landing/.superpowers/brainstorm/63086-1778782023/content/tats-exact-final.html"}
{"type":"screen-updated","file":"/Users/mistibruton/Desktop/Desktop/geo-landing/.superpowers/brainstorm/63086-1778782023/content/tats-exact-final.html"}
{"type":"screen-updated","file":"/Users/mistibruton/Desktop/Desktop/geo-landing/.superpowers/brainstorm/63086-1778782023/content/workshop-final.html"}
{"type":"screen-updated","file":"/Users/mistibruton/Desktop/Desktop/geo-landing/.superpowers/brainstorm/63086-1778782023/content/workshop-final.html"}
{"type":"screen-updated","file":"/Users/mistibruton/Desktop/Desktop/geo-landing/.superpowers/brainstorm/63086-1778782023/content/tats-exact-final.html"}
{"type":"screen-updated","file":"/Users/mistibruton/Desktop/Desktop/geo-landing/.superpowers/brainstorm/63086-1778782023/content/workshop-final.html"}
{"type":"screen-updated","file":"/Users/mistibruton/Desktop/Desktop/geo-landing/.superpowers/brainstorm/63086-1778782023/content/tats-exact-final.html"}
{"type":"screen-updated","file":"/Users/mistibruton/Desktop/Desktop/geo-landing/.superpowers/brainstorm/63086-1778782023/content/tats-exact-final.html"}
{"type":"screen-updated","file":"/Users/mistibruton/Desktop/Desktop/geo-landing/.superpowers/brainstorm/63086-1778782023/content/tats-exact-final.html"}
{"type":"screen-updated","file":"/Users/mistibruton/Desktop/Desktop/geo-landing/.superpowers/brainstorm/63086-1778782023/content/tats-exact-final.html"}
{"type":"screen-updated","file":"/Users/mistibruton/Desktop/Desktop/geo-landing/.superpowers/brainstorm/63086-1778782023/content/tats-exact-final.html"}
{"type":"screen-updated","file":"/Users/mistibruton/Desktop/Desktop/geo-landing/.superpowers/brainstorm/63086-1778782023/content/tats-exact-final.html"}
{"type":"screen-updated","file":"/Users/mistibruton/Desktop/Desktop/geo-landing/.superpowers/brainstorm/63086-1778782023/content/tats-exact-final.html"}
{"type":"screen-updated","file":"/Users/mistibruton/Desktop/Desktop/geo-landing/.superpowers/brainstorm/63086-1778782023/content/tats-exact-final.html"}
{"type":"screen-updated","file":"/Users/mistibruton/Desktop/Desktop/geo-landing/.superpowers/brainstorm/63086-1778782023/content/tats-exact-final.html"}
{"type":"screen-updated","file":"/Users/mistibruton/Desktop/Desktop/geo-landing/.superpowers/brainstorm/63086-1778782023/content/tats-exact-final.html"}
{"type":"screen-updated","file":"/Users/mistibruton/Desktop/Desktop/geo-landing/.superpowers/brainstorm/63086-1778782023/content/tats-exact-final.html"}
{"type":"screen-updated","file":"/Users/mistibruton/Desktop/Desktop/geo-landing/.superpowers/brainstorm/63086-1778782023/content/tats-exact-final.html"}
{"type":"screen-updated","file":"/Users/mistibruton/Desktop/Desktop/geo-landing/.superpowers/brainstorm/63086-1778782023/content/tats-exact-final.html"}
{"type":"screen-updated","file":"/Users/mistibruton/Desktop/Desktop/geo-landing/.superpowers/brainstorm/63086-1778782023/content/workshop-final.html"}
{"type":"screen-updated","file":"/Users/mistibruton/Desktop/Desktop/geo-landing/.superpowers/brainstorm/63086-1778782023/content/workshop-final.html"}
{"type":"screen-updated","file":"/Users/mistibruton/Desktop/Desktop/geo-landing/.superpowers/brainstorm/63086-1778782023/content/tats-exact-final.html"}
{"type":"screen-updated","file":"/Users/mistibruton/Desktop/Desktop/geo-landing/.superpowers/brainstorm/63086-1778782023/content/tats-exact-final.html"}
{"type":"screen-updated","file":"/Users/mistibruton/Desktop/Desktop/geo-landing/.superpowers/brainstorm/63086-1778782023/content/tats-exact-final.html"}
{"type":"screen-updated","file":"/Users/mistibruton/Desktop/Desktop/geo-landing/.superpowers/brainstorm/63086-1778782023/content/tats-exact-final.html"}
{"type":"screen-updated","file":"/Users/mistibruton/Desktop/Desktop/geo-landing/.superpowers/brainstorm/63086-1778782023/content/tats-exact-final.html"}
{"type":"screen-updated","file":"/Users/mistibruton/Desktop/Desktop/geo-landing/.superpowers/brainstorm/63086-1778782023/content/tats-exact-final.html"}
{"type":"screen-updated","file":"/Users/mistibruton/Desktop/Desktop/geo-landing/.superpowers/brainstorm/63086-1778782023/content/tats-exact-final.html"}
{"type":"screen-updated","file":"/Users/mistibruton/Desktop/Desktop/geo-landing/.superpowers/brainstorm/63086-1778782023/content/tats-exact-final.html"}
{"type":"screen-updated","file":"/Users/mistibruton/Desktop/Desktop/geo-landing/.superpowers/brainstorm/63086-1778782023/content/tats-exact-final.html"}
{"type":"screen-updated","file":"/Users/mistibruton/Desktop/Desktop/geo-landing/.superpowers/brainstorm/63086-1778782023/content/tats-exact-final.html"}
{"type":"screen-updated","file":"/Users/mistibruton/Desktop/Desktop/geo-landing/.superpowers/brainstorm/63086-1778782023/content/tats-exact-final.html"}
{"type":"screen-updated","file":"/Users/mistibruton/Desktop/Desktop/geo-landing/.superpowers/brainstorm/63086-1778782023/content/tats-exact-final.html"}
{"type":"screen-updated","file":"/Users/mistibruton/Desktop/Desktop/geo-landing/.superpowers/brainstorm/63086-1778782023/content/tats-exact-final.html"}
{"type":"screen-updated","file":"/Users/mistibruton/Desktop/Desktop/geo-landing/.superpowers/brainstorm/63086-1778782023/content/tats-exact-final.html"}
{"type":"screen-updated","file":"/Users/mistibruton/Desktop/Desktop/geo-landing/.superpowers/brainstorm/63086-1778782023/content/tats-exact-final.html"}
{"type":"screen-updated","file":"/Users/mistibruton/Desktop/Desktop/geo-landing/.superpowers/brainstorm/63086-1778782023/content/tats-exact-final.html"}
{"type":"screen-updated","file":"/Users/mistibruton/Desktop/Desktop/geo-landing/.superpowers/brainstorm/63086-1778782023/content/tats-exact-final.html"}
{"type":"screen-updated","file":"/Users/mistibruton/Desktop/Desktop/geo-landing/.superpowers/brainstorm/63086-1778782023/content/tats-exact-final.html"}
{"type":"screen-updated","file":"/Users/mistibruton/Desktop/Desktop/geo-landing/.superpowers/brainstorm/63086-1778782023/content/tats-exact-final.html"}
{"type":"screen-updated","file":"/Users/mistibruton/Desktop/Desktop/geo-landing/.superpowers/brainstorm/63086-1778782023/content/tats-exact-final.html"}
{"type":"screen-updated","file":"/Users/mistibruton/Desktop/Desktop/geo-landing/.superpowers/brainstorm/63086-1778782023/content/tats-exact-final.html"}
{"type":"screen-updated","file":"/Users/mistibruton/Desktop/Desktop/geo-landing/.superpowers/brainstorm/63086-1778782023/content/tats-exact-final.html"}
{"type":"screen-updated","file":"/Users/mistibruton/Desktop/Desktop/geo-landing/.superpowers/brainstorm/63086-1778782023/content/tats-exact-final.html"}
{"type":"screen-updated","file":"/Users/mistibruton/Desktop/Desktop/geo-landing/.superpowers/brainstorm/63086-1778782023/content/tats-exact-final.html"}
{"type":"screen-updated","file":"/Users/mistibruton/Desktop/Desktop/geo-landing/.superpowers/brainstorm/63086-1778782023/content/tats-exact-final.html"}
{"type":"screen-updated","file":"/Users/mistibruton/Desktop/Desktop/geo-landing/.superpowers/brainstorm/63086-1778782023/content/tats-exact-final.html"}
{"type":"screen-updated","file":"/Users/mistibruton/Desktop/Desktop/geo-landing/.superpowers/brainstorm/63086-1778782023/content/tats-exact-final.html"}
{"type":"screen-updated","file":"/Users/mistibruton/Desktop/Desktop/geo-landing/.superpowers/brainstorm/63086-1778782023/content/tats-exact-final.html"}
{"type":"screen-updated","file":"/Users/mistibruton/Desktop/Desktop/geo-landing/.superpowers/brainstorm/63086-1778782023/content/tats-exact-final.html"}
{"type":"screen-updated","file":"/Users/mistibruton/Desktop/Desktop/geo-landing/.superpowers/brainstorm/63086-1778782023/content/tats-exact-final.html"}
{"type":"screen-updated","file":"/Users/mistibruton/Desktop/Desktop/geo-landing/.superpowers/brainstorm/63086-1778782023/content/tats-exact-final.html"}
{"type":"screen-updated","file":"/Users/mistibruton/Desktop/Desktop/geo-landing/.superpowers/brainstorm/63086-1778782023/content/tats-exact-final.html"}
{"type":"screen-updated","file":"/Users/mistibruton/Desktop/Desktop/geo-landing/.superpowers/brainstorm/63086-1778782023/content/tats-exact-final.html"}
{"type":"screen-updated","file":"/Users/mistibruton/Desktop/Desktop/geo-landing/.superpowers/brainstorm/63086-1778782023/content/tats-exact-final.html"}
{"type":"screen-updated","file":"/Users/mistibruton/Desktop/Desktop/geo-landing/.superpowers/brainstorm/63086-1778782023/content/tats-exact-final.html"}
{"type":"screen-updated","file":"/Users/mistibruton/Desktop/Desktop/geo-landing/.superpowers/brainstorm/63086-1778782023/content/tats-exact-final.html"}
{"type":"screen-updated","file":"/Users/mistibruton/Desktop/Desktop/geo-landing/.superpowers/brainstorm/63086-1778782023/content/tats-exact-final.html"}
{"type":"screen-updated","file":"/Users/mistibruton/Desktop/Desktop/geo-landing/.superpowers/brainstorm/63086-1778782023/content/tats-exact-final.html"}
{"type":"screen-updated","file":"/Users/mistibruton/Desktop/Desktop/geo-landing/.superpowers/brainstorm/63086-1778782023/content/tats-exact-final.html"}
{"type":"screen-updated","file":"/Users/mistibruton/Desktop/Desktop/geo-landing/.superpowers/brainstorm/63086-1778782023/content/tats-exact-final.html"}
{"type":"screen-updated","file":"/Users/mistibruton/Desktop/Desktop/geo-landing/.superpowers/brainstorm/63086-1778782023/content/tats-exact-final.html"}
{"type":"screen-updated","file":"/Users/mistibruton/Desktop/Desktop/geo-landing/.superpowers/brainstorm/63086-1778782023/content/tats-exact-final.html"}
{"type":"screen-updated","file":"/Users/mistibruton/Desktop/Desktop/geo-landing/.superpowers/brainstorm/63086-1778782023/content/tats-exact-final.html"}
{"type":"screen-updated","file":"/Users/mistibruton/Desktop/Desktop/geo-landing/.superpowers/brainstorm/63086-1778782023/content/tats-exact-final.html"}
{"type":"screen-updated","file":"/Users/mistibruton/Desktop/Desktop/geo-landing/.superpowers/brainstorm/63086-1778782023/content/tats-exact-final.html"}
{"type":"screen-updated","file":"/Users/mistibruton/Desktop/Desktop/geo-landing/.superpowers/brainstorm/63086-1778782023/content/tats-exact-final.html"}
{"type":"screen-updated","file":"/Users/mistibruton/Desktop/Desktop/geo-landing/.superpowers/brainstorm/63086-1778782023/content/tats-exact-final.html"}
{"type":"screen-updated","file":"/Users/mistibruton/Desktop/Desktop/geo-landing/.superpowers/brainstorm/63086-1778782023/content/tats-exact-final.html"}
{"type":"screen-updated","file":"/Users/mistibruton/Desktop/Desktop/geo-landing/.superpowers/brainstorm/63086-1778782023/content/tats-exact-final.html"}
{"type":"screen-updated","file":"/Users/mistibruton/Desktop/Desktop/geo-landing/.superpowers/brainstorm/63086-1778782023/content/workshop-final.html"}
{"type":"screen-updated","file":"/Users/mistibruton/Desktop/Desktop/geo-landing/.superpowers/brainstorm/63086-1778782023/content/workshop-final.html"}
{"type":"screen-updated","file":"/Users/mistibruton/Desktop/Desktop/geo-landing/.superpowers/brainstorm/63086-1778782023/content/workshop-final.html"}
{"type":"screen-updated","file":"/Users/mistibruton/Desktop/Desktop/geo-landing/.superpowers/brainstorm/63086-1778782023/content/tats-exact-final.html"}
{"type":"screen-updated","file":"/Users/mistibruton/Desktop/Desktop/geo-landing/.superpowers/brainstorm/63086-1778782023/content/tats-exact-final.html"}
{"type":"screen-updated","file":"/Users/mistibruton/Desktop/Desktop/geo-landing/.superpowers/brainstorm/63086-1778782023/content/tats-exact-final.html"}
{"type":"screen-updated","file":"/Users/mistibruton/Desktop/Desktop/geo-landing/.superpowers/brainstorm/63086-1778782023/content/tats-exact-final.html"}
{"type":"screen-updated","file":"/Users/mistibruton/Desktop/Desktop/geo-landing/.superpowers/brainstorm/63086-1778782023/content/tats-exact-final.html"}
{"type":"screen-updated","file":"/Users/mistibruton/Desktop/Desktop/geo-landing/.superpowers/brainstorm/63086-1778782023/content/tats-exact-final.html"}
{"type":"screen-updated","file":"/Users/mistibruton/Desktop/Desktop/geo-landing/.superpowers/brainstorm/63086-1778782023/content/tats-exact-final.html"}
{"type":"screen-updated","file":"/Users/mistibruton/Desktop/Desktop/geo-landing/.superpowers/brainstorm/63086-1778782023/content/tats-exact-final.html"}
{"type":"screen-updated","file":"/Users/mistibruton/Desktop/Desktop/geo-landing/.superpowers/brainstorm/63086-1778782023/content/tats-exact-final.html"}
{"type":"screen-updated","file":"/Users/mistibruton/Desktop/Desktop/geo-landing/.superpowers/brainstorm/63086-1778782023/content/tats-exact-final.html"}
{"type":"screen-updated","file":"/Users/mistibruton/Desktop/Desktop/geo-landing/.superpowers/brainstorm/63086-1778782023/content/tats-exact-final.html"}
{"type":"screen-updated","file":"/Users/mistibruton/Desktop/Desktop/geo-landing/.superpowers/brainstorm/63086-1778782023/content/tats-exact-final.html"}
{"type":"screen-updated","file":"/Users/mistibruton/Desktop/Desktop/geo-landing/.superpowers/brainstorm/63086-1778782023/content/tats-exact-final.html"}
{"type":"screen-updated","file":"/Users/mistibruton/Desktop/Desktop/geo-landing/.superpowers/brainstorm/63086-1778782023/content/tats-exact-final.html"}
{"type":"screen-updated","file":"/Users/mistibruton/Desktop/Desktop/geo-landing/.superpowers/brainstorm/63086-1778782023/content/tats-exact-final.html"}
{"type":"screen-updated","file":"/Users/mistibruton/Desktop/Desktop/geo-landing/.superpowers/brainstorm/63086-1778782023/content/tats-exact-final.html"}
{"type":"screen-updated","file":"/Users/mistibruton/Desktop/Desktop/geo-landing/.superpowers/brainstorm/63086-1778782023/content/tats-exact-final.html"}
{"type":"screen-updated","file":"/Users/mistibruton/Desktop/Desktop/geo-landing/.superpowers/brainstorm/63086-1778782023/content/tats-exact-final.html"}
{"type":"screen-updated","file":"/Users/mistibruton/Desktop/Desktop/geo-landing/.superpowers/brainstorm/63086-1778782023/content/tats-exact-final.html"}
{"type":"screen-updated","file":"/Users/mistibruton/Desktop/Desktop/geo-landing/.superpowers/brainstorm/63086-1778782023/content/tats-exact-final.html"}
{"type":"screen-updated","file":"/Users/mistibruton/Desktop/Desktop/geo-landing/.superpowers/brainstorm/63086-1778782023/content/tats-exact-final.html"}
{"type":"screen-updated","file":"/Users/mistibruton/Desktop/Desktop/geo-landing/.superpowers/brainstorm/63086-1778782023/content/tats-exact-final.html"}
{"type":"screen-updated","file":"/Users/mistibruton/Desktop/Desktop/geo-landing/.superpowers/brainstorm/63086-1778782023/content/tats-exact-final.html"}
{"type":"screen-updated","file":"/Users/mistibruton/Desktop/Desktop/geo-landing/.superpowers/brainstorm/63086-1778782023/content/tats-exact-final.html"}
{"type":"screen-updated","file":"/Users/mistibruton/Desktop/Desktop/geo-landing/.superpowers/brainstorm/63086-1778782023/content/tats-exact-final.html"}
{"type":"screen-updated","file":"/Users/mistibruton/Desktop/Desktop/geo-landing/.superpowers/brainstorm/63086-1778782023/content/tats-exact-final.html"}
{"type":"screen-updated","file":"/Users/mistibruton/Desktop/Desktop/geo-landing/.superpowers/brainstorm/63086-1778782023/content/tats-exact-final.html"}
{"type":"screen-updated","file":"/Users/mistibruton/Desktop/Desktop/geo-landing/.superpowers/brainstorm/63086-1778782023/content/tats-exact-final.html"}
{"type":"screen-updated","file":"/Users/mistibruton/Desktop/Desktop/geo-landing/.superpowers/brainstorm/63086-1778782023/content/tats-exact-final.html"}
{"type":"screen-updated","file":"/Users/mistibruton/Desktop/Desktop/geo-landing/.superpowers/brainstorm/63086-1778782023/content/tats-exact-final.html"}
{"type":"screen-updated","file":"/Users/mistibruton/Desktop/Desktop/geo-landing/.superpowers/brainstorm/63086-1778782023/content/tats-exact-final.html"}
{"type":"screen-updated","file":"/Users/mistibruton/Desktop/Desktop/geo-landing/.superpowers/brainstorm/63086-1778782023/content/tats-exact-final.html"}
{"type":"screen-updated","file":"/Users/mistibruton/Desktop/Desktop/geo-landing/.superpowers/brainstorm/63086-1778782023/content/tats-exact-final.html"}
{"type":"screen-updated","file":"/Users/mistibruton/Desktop/Desktop/geo-landing/.superpowers/brainstorm/63086-1778782023/content/tats-exact-final.html"}
{"type":"screen-added","file":"/Users/mistibruton/Desktop/Desktop/geo-landing/.superpowers/brainstorm/63086-1778782023/content/workshop-thankyou.html"}
{"type":"screen-updated","file":"/Users/mistibruton/Desktop/Desktop/geo-landing/.superpowers/brainstorm/63086-1778782023/content/workshop-thankyou.html"}
{"type":"screen-updated","file":"/Users/mistibruton/Desktop/Desktop/geo-landing/.superpowers/brainstorm/63086-1778782023/content/workshop-thankyou.html"}
{"type":"screen-updated","file":"/Users/mistibruton/Desktop/Desktop/geo-landing/.superpowers/brainstorm/63086-1778782023/content/workshop-thankyou.html"}
{"type":"screen-updated","file":"/Users/mistibruton/Desktop/Desktop/geo-landing/.superpowers/brainstorm/63086-1778782023/content/workshop-thankyou.html"}
{"type":"screen-updated","file":"/Users/mistibruton/Desktop/Desktop/geo-landing/.superpowers/brainstorm/63086-1778782023/content/workshop-thankyou.html"}
{"type":"screen-updated","file":"/Users/mistibruton/Desktop/Desktop/geo-landing/.superpowers/brainstorm/63086-1778782023/content/workshop-thankyou.html"}
{"type":"screen-updated","file":"/Users/mistibruton/Desktop/Desktop/geo-landing/.superpowers/brainstorm/63086-1778782023/content/workshop-thankyou.html"}
{"type":"screen-updated","file":"/Users/mistibruton/Desktop/Desktop/geo-landing/.superpowers/brainstorm/63086-1778782023/content/workshop-thankyou.html"}
{"type":"screen-updated","file":"/Users/mistibruton/Desktop/Desktop/geo-landing/.superpowers/brainstorm/63086-1778782023/content/tats-exact-final.html"}
{"type":"screen-updated","file":"/Users/mistibruton/Desktop/Desktop/geo-landing/.superpowers/brainstorm/63086-1778782023/content/tats-exact-final.html"}
{"type":"screen-updated","file":"/Users/mistibruton/Desktop/Desktop/geo-landing/.superpowers/brainstorm/63086-1778782023/content/tats-exact-final.html"}
{"type":"screen-updated","file":"/Users/mistibruton/Desktop/Desktop/geo-landing/.superpowers/brainstorm/63086-1778782023/content/tats-exact-final.html"}
{"type":"screen-updated","file":"/Users/mistibruton/Desktop/Desktop/geo-landing/.superpowers/brainstorm/63086-1778782023/content/tats-exact-final.html"}
{"type":"screen-updated","file":"/Users/mistibruton/Desktop/Desktop/geo-landing/.superpowers/brainstorm/63086-1778782023/content/tats-exact-final.html"}
{"type":"screen-updated","file":"/Users/mistibruton/Desktop/Desktop/geo-landing/.superpowers/brainstorm/63086-1778782023/content/tats-exact-final.html"}
{"type":"screen-updated","file":"/Users/mistibruton/Desktop/Desktop/geo-landing/.superpowers/brainstorm/63086-1778782023/content/tats-exact-final.html"}
{"type":"screen-updated","file":"/Users/mistibruton/Desktop/Desktop/geo-landing/.superpowers/brainstorm/63086-1778782023/content/tats-exact-final.html"}
{"type":"screen-updated","file":"/Users/mistibruton/Desktop/Desktop/geo-landing/.superpowers/brainstorm/63086-1778782023/content/tats-exact-final.html"}
{"type":"screen-updated","file":"/Users/mistibruton/Desktop/Desktop/geo-landing/.superpowers/brainstorm/63086-1778782023/content/tats-exact-final.html"}
{"type":"screen-updated","file":"/Users/mistibruton/Desktop/Desktop/geo-landing/.superpowers/brainstorm/63086-1778782023/content/tats-exact-final.html"}
{"type":"screen-updated","file":"/Users/mistibruton/Desktop/Desktop/geo-landing/.superpowers/brainstorm/63086-1778782023/content/tats-exact-final.html"}
{"type":"screen-updated","file":"/Users/mistibruton/Desktop/Desktop/geo-landing/.superpowers/brainstorm/63086-1778782023/content/tats-exact-final.html"}
{"type":"screen-updated","file":"/Users/mistibruton/Desktop/Desktop/geo-landing/.superpowers/brainstorm/63086-1778782023/content/tats-exact-final.html"}
{"type":"screen-updated","file":"/Users/mistibruton/Desktop/Desktop/geo-landing/.superpowers/brainstorm/63086-1778782023/content/tats-exact-final.html"}
{"type":"screen-updated","file":"/Users/mistibruton/Desktop/Desktop/geo-landing/.superpowers/brainstorm/63086-1778782023/content/tats-exact-final.html"}
{"type":"screen-updated","file":"/Users/mistibruton/Desktop/Desktop/geo-landing/.superpowers/brainstorm/63086-1778782023/content/tats-exact-final.html"}
{"type":"screen-updated","file":"/Users/mistibruton/Desktop/Desktop/geo-landing/.superpowers/brainstorm/63086-1778782023/content/tats-exact-final.html"}
{"type":"screen-updated","file":"/Users/mistibruton/Desktop/Desktop/geo-landing/.superpowers/brainstorm/63086-1778782023/content/tats-exact-final.html"}
{"type":"screen-updated","file":"/Users/mistibruton/Desktop/Desktop/geo-landing/.superpowers/brainstorm/63086-1778782023/content/tats-exact-final.html"}
{"type":"screen-updated","file":"/Users/mistibruton/Desktop/Desktop/geo-landing/.superpowers/brainstorm/63086-1778782023/content/tats-exact-final.html"}
{"type":"screen-updated","file":"/Users/mistibruton/Desktop/Desktop/geo-landing/.superpowers/brainstorm/63086-1778782023/content/tats-exact-final.html"}
{"type":"screen-updated","file":"/Users/mistibruton/Desktop/Desktop/geo-landing/.superpowers/brainstorm/63086-1778782023/content/tats-exact-final.html"}
{"type":"screen-updated","file":"/Users/mistibruton/Desktop/Desktop/geo-landing/.superpowers/brainstorm/63086-1778782023/content/tats-exact-final.html"}
{"type":"screen-updated","file":"/Users/mistibruton/Desktop/Desktop/geo-landing/.superpowers/brainstorm/63086-1778782023/content/tats-exact-final.html"}
{"type":"screen-updated","file":"/Users/mistibruton/Desktop/Desktop/geo-landing/.superpowers/brainstorm/63086-1778782023/content/tats-exact-final.html"}
{"type":"screen-updated","file":"/Users/mistibruton/Desktop/Desktop/geo-landing/.superpowers/brainstorm/63086-1778782023/content/tats-exact-final.html"}
{"type":"screen-updated","file":"/Users/mistibruton/Desktop/Desktop/geo-landing/.superpowers/brainstorm/63086-1778782023/content/tats-exact-final.html"}
{"type":"screen-updated","file":"/Users/mistibruton/Desktop/Desktop/geo-landing/.superpowers/brainstorm/63086-1778782023/content/tats-exact-final.html"}
{"type":"screen-updated","file":"/Users/mistibruton/Desktop/Desktop/geo-landing/.superpowers/brainstorm/63086-1778782023/content/tats-exact-final.html"}
{"type":"screen-updated","file":"/Users/mistibruton/Desktop/Desktop/geo-landing/.superpowers/brainstorm/63086-1778782023/content/tats-exact-final.html"}
{"type":"screen-updated","file":"/Users/mistibruton/Desktop/Desktop/geo-landing/.superpowers/brainstorm/63086-1778782023/content/tats-exact-final.html"}
{"type":"screen-updated","file":"/Users/mistibruton/Desktop/Desktop/geo-landing/.superpowers/brainstorm/63086-1778782023/content/tats-exact-final.html"}
{"type":"screen-updated","file":"/Users/mistibruton/Desktop/Desktop/geo-landing/.superpowers/brainstorm/63086-1778782023/content/tats-exact-final.html"}
{"type":"screen-updated","file":"/Users/mistibruton/Desktop/Desktop/geo-landing/.superpowers/brainstorm/63086-1778782023/content/tats-exact-final.html"}
{"type":"screen-updated","file":"/Users/mistibruton/Desktop/Desktop/geo-landing/.superpowers/brainstorm/63086-1778782023/content/tats-exact-final.html"}
{"type":"screen-updated","file":"/Users/mistibruton/Desktop/Desktop/geo-landing/.superpowers/brainstorm/63086-1778782023/content/tats-exact-final.html"}
{"type":"screen-updated","file":"/Users/mistibruton/Desktop/Desktop/geo-landing/.superpowers/brainstorm/63086-1778782023/content/tats-exact-final.html"}
{"type":"screen-updated","file":"/Users/mistibruton/Desktop/Desktop/geo-landing/.superpowers/brainstorm/63086-1778782023/content/tats-exact-final.html"}
{"type":"screen-updated","file":"/Users/mistibruton/Desktop/Desktop/geo-landing/.superpowers/brainstorm/63086-1778782023/content/tats-exact-final.html"}
{"type":"screen-updated","file":"/Users/mistibruton/Desktop/Desktop/geo-landing/.superpowers/brainstorm/63086-1778782023/content/tats-exact-final.html"}
{"type":"screen-updated","file":"/Users/mistibruton/Desktop/Desktop/geo-landing/.superpowers/brainstorm/63086-1778782023/content/tats-exact-final.html"}
{"type":"screen-updated","file":"/Users/mistibruton/Desktop/Desktop/geo-landing/.superpowers/brainstorm/63086-1778782023/content/tats-exact-final.html"}
{"type":"screen-updated","file":"/Users/mistibruton/Desktop/Desktop/geo-landing/.superpowers/brainstorm/63086-1778782023/content/workshop-thankyou.html"}
{"type":"screen-updated","file":"/Users/mistibruton/Desktop/Desktop/geo-landing/.superpowers/brainstorm/63086-1778782023/content/workshop-thankyou.html"}
{"type":"screen-updated","file":"/Users/mistibruton/Desktop/Desktop/geo-landing/.superpowers/brainstorm/63086-1778782023/content/workshop-thankyou.html"}
{"type":"screen-updated","file":"/Users/mistibruton/Desktop/Desktop/geo-landing/.superpowers/brainstorm/63086-1778782023/content/workshop-thankyou.html"}
{"type":"screen-updated","file":"/Users/mistibruton/Desktop/Desktop/geo-landing/.superpowers/brainstorm/63086-1778782023/content/workshop-thankyou.html"}
{"type":"screen-updated","file":"/Users/mistibruton/Desktop/Desktop/geo-landing/.superpowers/brainstorm/63086-1778782023/content/workshop-thankyou.html"}
{"type":"screen-updated","file":"/Users/mistibruton/Desktop/Desktop/geo-landing/.superpowers/brainstorm/63086-1778782023/content/workshop-thankyou.html"}
{"type":"screen-updated","file":"/Users/mistibruton/Desktop/Desktop/geo-landing/.superpowers/brainstorm/63086-1778782023/content/workshop-thankyou.html"}
{"type":"screen-updated","file":"/Users/mistibruton/Desktop/Desktop/geo-landing/.superpowers/brainstorm/63086-1778782023/content/workshop-thankyou.html"}
{"type":"screen-updated","file":"/Users/mistibruton/Desktop/Desktop/geo-landing/.superpowers/brainstorm/63086-1778782023/content/workshop-thankyou.html"}
{"type":"screen-updated","file":"/Users/mistibruton/Desktop/Desktop/geo-landing/.superpowers/brainstorm/63086-1778782023/content/workshop-thankyou.html"}
{"type":"screen-updated","file":"/Users/mistibruton/Desktop/Desktop/geo-landing/.superpowers/brainstorm/63086-1778782023/content/workshop-thankyou.html"}
{"type":"screen-updated","file":"/Users/mistibruton/Desktop/Desktop/geo-landing/.superpowers/brainstorm/63086-1778782023/content/workshop-thankyou.html"}
{"type":"screen-updated","file":"/Users/mistibruton/Desktop/Desktop/geo-landing/.superpowers/brainstorm/63086-1778782023/content/workshop-thankyou.html"}
{"type":"screen-updated","file":"/Users/mistibruton/Desktop/Desktop/geo-landing/.superpowers/brainstorm/63086-1778782023/content/workshop-thankyou.html"}
{"type":"screen-added","file":"/Users/mistibruton/Desktop/Desktop/geo-landing/.superpowers/brainstorm/63086-1778782023/content/workshop-survey.html"}
{"type":"screen-updated","file":"/Users/mistibruton/Desktop/Desktop/geo-landing/.superpowers/brainstorm/63086-1778782023/content/workshop-survey.html"}
{"type":"screen-updated","file":"/Users/mistibruton/Desktop/Desktop/geo-landing/.superpowers/brainstorm/63086-1778782023/content/workshop-survey.html"}
{"type":"screen-updated","file":"/Users/mistibruton/Desktop/Desktop/geo-landing/.superpowers/brainstorm/63086-1778782023/content/workshop-thankyou.html"}
{"type":"screen-updated","file":"/Users/mistibruton/Desktop/Desktop/geo-landing/.superpowers/brainstorm/63086-1778782023/content/workshop-thankyou.html"}
{"type":"screen-updated","file":"/Users/mistibruton/Desktop/Desktop/geo-landing/.superpowers/brainstorm/63086-1778782023/content/workshop-survey.html"}
{"type":"screen-updated","file":"/Users/mistibruton/Desktop/Desktop/geo-landing/.superpowers/brainstorm/63086-1778782023/content/workshop-thankyou.html"}
{"type":"screen-updated","file":"/Users/mistibruton/Desktop/Desktop/geo-landing/.superpowers/brainstorm/63086-1778782023/content/workshop-thankyou.html"}
{"type":"screen-updated","file":"/Users/mistibruton/Desktop/Desktop/geo-landing/.superpowers/brainstorm/63086-1778782023/content/workshop-thankyou.html"}
{"type":"screen-updated","file":"/Users/mistibruton/Desktop/Desktop/geo-landing/.superpowers/brainstorm/63086-1778782023/content/tats-exact-final.html"}
{"type":"screen-updated","file":"/Users/mistibruton/Desktop/Desktop/geo-landing/.superpowers/brainstorm/63086-1778782023/content/tats-exact-final.html"}
{"type":"screen-updated","file":"/Users/mistibruton/Desktop/Desktop/geo-landing/.superpowers/brainstorm/63086-1778782023/content/tats-exact-final.html"}
{"type":"screen-updated","file":"/Users/mistibruton/Desktop/Desktop/geo-landing/.superpowers/brainstorm/63086-1778782023/content/workshop-thankyou.html"}
{"type":"screen-updated","file":"/Users/mistibruton/Desktop/Desktop/geo-landing/.superpowers/brainstorm/63086-1778782023/content/tats-exact-final.html"}
{"type":"screen-updated","file":"/Users/mistibruton/Desktop/Desktop/geo-landing/.superpowers/brainstorm/63086-1778782023/content/tats-exact-final.html"}
{"type":"screen-updated","file":"/Users/mistibruton/Desktop/Desktop/geo-landing/.superpowers/brainstorm/63086-1778782023/content/tats-exact-final.html"}
{"type":"screen-updated","file":"/Users/mistibruton/Desktop/Desktop/geo-landing/.superpowers/brainstorm/63086-1778782023/content/tats-exact-final.html"}
{"type":"screen-updated","file":"/Users/mistibruton/Desktop/Desktop/geo-landing/.superpowers/brainstorm/63086-1778782023/content/tats-exact-final.html"}
{"type":"screen-updated","file":"/Users/mistibruton/Desktop/Desktop/geo-landing/.superpowers/brainstorm/63086-1778782023/content/tats-exact-final.html"}
{"type":"screen-updated","file":"/Users/mistibruton/Desktop/Desktop/geo-landing/.superpowers/brainstorm/63086-1778782023/content/tats-exact-final.html"}
{"type":"screen-updated","file":"/Users/mistibruton/Desktop/Desktop/geo-landing/.superpowers/brainstorm/63086-1778782023/content/tats-exact-final.html"}
{"type":"screen-updated","file":"/Users/mistibruton/Desktop/Desktop/geo-landing/.superpowers/brainstorm/63086-1778782023/content/workshop-thankyou.html"}
{"type":"screen-updated","file":"/Users/mistibruton/Desktop/Desktop/geo-landing/.superpowers/brainstorm/63086-1778782023/content/workshop-thankyou.html"}
{"type":"screen-updated","file":"/Users/mistibruton/Desktop/Desktop/geo-landing/.superpowers/brainstorm/63086-1778782023/content/workshop-thankyou.html"}
{"type":"screen-updated","file":"/Users/mistibruton/Desktop/Desktop/geo-landing/.superpowers/brainstorm/63086-1778782023/content/workshop-survey.html"}
{"type":"screen-updated","file":"/Users/mistibruton/Desktop/Desktop/geo-landing/.superpowers/brainstorm/63086-1778782023/content/workshop-survey.html"}
{"type":"screen-updated","file":"/Users/mistibruton/Desktop/Desktop/geo-landing/.superpowers/brainstorm/63086-1778782023/content/workshop-survey.html"}
{"type":"screen-updated","file":"/Users/mistibruton/Desktop/Desktop/geo-landing/.superpowers/brainstorm/63086-1778782023/content/tats-exact-final.html"}
{"type":"screen-updated","file":"/Users/mistibruton/Desktop/Desktop/geo-landing/.superpowers/brainstorm/63086-1778782023/content/tats-exact-final.html"}
{"type":"screen-updated","file":"/Users/mistibruton/Desktop/Desktop/geo-landing/.superpowers/brainstorm/63086-1778782023/content/tats-exact-final.html"}
{"type":"screen-updated","file":"/Users/mistibruton/Desktop/Desktop/geo-landing/.superpowers/brainstorm/63086-1778782023/content/tats-exact-final.html"}
{"type":"screen-updated","file":"/Users/mistibruton/Desktop/Desktop/geo-landing/.superpowers/brainstorm/63086-1778782023/content/workshop-thankyou.html"}
{"type":"screen-updated","file":"/Users/mistibruton/Desktop/Desktop/geo-landing/.superpowers/brainstorm/63086-1778782023/content/tats-exact-final.html"}
{"type":"screen-updated","file":"/Users/mistibruton/Desktop/Desktop/geo-landing/.superpowers/brainstorm/63086-1778782023/content/workshop-survey.html"}
{"type":"screen-updated","file":"/Users/mistibruton/Desktop/Desktop/geo-landing/.superpowers/brainstorm/63086-1778782023/content/workshop-survey.html"}
{"type":"screen-updated","file":"/Users/mistibruton/Desktop/Desktop/geo-landing/.superpowers/brainstorm/63086-1778782023/content/workshop-survey.html"}
{"type":"screen-updated","file":"/Users/mistibruton/Desktop/Desktop/geo-landing/.superpowers/brainstorm/63086-1778782023/content/workshop-survey.html"}
{"type":"screen-updated","file":"/Users/mistibruton/Desktop/Desktop/geo-landing/.superpowers/brainstorm/63086-1778782023/content/workshop-survey.html"}
{"type":"server-stopped","reason":"idle timeout"}
